INFO :[2021-06-29 19:46:01,907] ContextLoader.java:270 - Root WebApplicationContext: initialization started
INFO :[2021-06-29 19:46:04,735] ContextLoader.java:306 - Root WebApplicationContext initialized in 2822 ms
INFO :[2021-06-29 19:46:04,823] FrameworkServlet.java:524 - Initializing Servlet 'appServlet'
INFO :[2021-06-29 19:46:08,216] CompositeLog.java:132 - Starting...
INFO :[2021-06-29 19:46:08,216] CompositeLog.java:132 - BrokerAvailabilityEvent[available=true, SimpleBrokerMessageHandler [DefaultSubscriptionRegistry[cache[0 destination(s)], registry[0 sessions]]]]
INFO :[2021-06-29 19:46:08,225] CompositeLog.java:132 - Started.
INFO :[2021-06-29 19:46:08,246] FrameworkServlet.java:546 - Completed initialization in 3423 ms
DEBUG:[2021-06-29 19:46:32,849] LoggerInterceptor.java:20 - =================== start ===================
DEBUG:[2021-06-29 19:46:32,849] LoggerInterceptor.java:21 - /spring/
DEBUG:[2021-06-29 19:46:32,849] LoggerInterceptor.java:22 - ---------------------------------------------
INFO :[2021-06-29 19:46:32,867] HomeController.java:30 - index 페이지 요청
DEBUG:[2021-06-29 19:46:32,879] LoggerInterceptor.java:34 - ---------------------------------------------
DEBUG:[2021-06-29 19:46:32,882] LoggerInterceptor.java:35 - modelAndView = ModelAndView [view="forward:/index.jsp"; model={}]
DEBUG:[2021-06-29 19:46:33,004] LoggerInterceptor.java:45 - ------------------- view -------------------
DEBUG:[2021-06-29 19:46:33,005] LoggerInterceptor.java:47 - ____________________end_____________________
DEBUG:[2021-06-29 19:46:33,073] LoggerInterceptor.java:20 - =================== start ===================
DEBUG:[2021-06-29 19:46:33,073] LoggerInterceptor.java:21 - /spring/resources/css/style.css
DEBUG:[2021-06-29 19:46:33,074] LoggerInterceptor.java:22 - ---------------------------------------------
DEBUG:[2021-06-29 19:46:33,077] LoggerInterceptor.java:20 - =================== start ===================
DEBUG:[2021-06-29 19:46:33,077] LoggerInterceptor.java:21 - /spring/resources/images/logo-spring.png
DEBUG:[2021-06-29 19:46:33,077] LoggerInterceptor.java:22 - ---------------------------------------------
DEBUG:[2021-06-29 19:46:33,097] LoggerInterceptor.java:34 - ---------------------------------------------
DEBUG:[2021-06-29 19:46:33,097] LoggerInterceptor.java:34 - ---------------------------------------------
DEBUG:[2021-06-29 19:46:33,097] LoggerInterceptor.java:35 - modelAndView = null
DEBUG:[2021-06-29 19:46:33,097] LoggerInterceptor.java:35 - modelAndView = null
DEBUG:[2021-06-29 19:46:33,097] LoggerInterceptor.java:45 - ------------------- view -------------------
DEBUG:[2021-06-29 19:46:33,098] LoggerInterceptor.java:45 - ------------------- view -------------------
DEBUG:[2021-06-29 19:46:33,098] LoggerInterceptor.java:47 - ____________________end_____________________
DEBUG:[2021-06-29 19:46:33,098] LoggerInterceptor.java:47 - ____________________end_____________________
DEBUG:[2021-06-29 19:46:37,830] LoggerInterceptor.java:20 - =================== start ===================
DEBUG:[2021-06-29 19:46:37,830] LoggerInterceptor.java:21 - /spring/memo/memo.do
DEBUG:[2021-06-29 19:46:37,830] LoggerInterceptor.java:22 - ---------------------------------------------
DEBUG:[2021-06-29 19:46:37,890] MemoController.java:39 - memoService = class com.sun.proxy.$Proxy51
DEBUG:[2021-06-29 19:46:38,433] MemoController.java:44 - list = [Memo(no=14, memo=안녕2~~~, regDate=Tue May 25 16:24:20 KST 2021), Memo(no=13, memo=안녕~~~~, regDate=Tue May 25 15:57:01 KST 2021), Memo(no=12, memo=시간체크해보자, regDate=Tue May 25 15:53:50 KST 2021), Memo(no=11, memo=다시시작, regDate=Tue May 25 15:52:36 KST 2021), Memo(no=10, memo=시작, regDate=Tue May 25 15:51:35 KST 2021), Memo(no=9, memo=홍길동입니다, regDate=Mon May 24 23:43:53 KST 2021), Memo(no=8, memo=시간체크, regDate=Mon May 24 22:43:02 KST 2021), Memo(no=7, memo=그러세여, regDate=Mon May 24 22:31:11 KST 2021), Memo(no=6, memo=아니요,잘안갈겁니다, regDate=Mon May 24 19:50:32 KST 2021), Memo(no=5, memo=잘가겠습니다, regDate=Mon May 24 19:47:23 KST 2021), Memo(no=4, memo=네,안녕히가세여, regDate=Mon May 24 19:45:11 KST 2021), Memo(no=3, memo=안녕히가세요, regDate=Mon May 24 17:57:36 KST 2021), Memo(no=2, memo=반갑습니다., regDate=Mon May 24 17:34:19 KST 2021), Memo(no=1, memo=안녕하세요., regDate=Mon May 24 17:32:04 KST 2021)]
DEBUG:[2021-06-29 19:46:38,434] LoggerInterceptor.java:34 - ---------------------------------------------
DEBUG:[2021-06-29 19:46:38,435] LoggerInterceptor.java:35 - modelAndView = ModelAndView [view="memo/memo"; model={modelAndView=ModelAndView [view="memo/memo"; model={list=[Memo(no=14, memo=안녕2~~~, regDate=Tue May 25 16:24:20 KST 2021), Memo(no=13, memo=안녕~~~~, regDate=Tue May 25 15:57:01 KST 2021), Memo(no=12, memo=시간체크해보자, regDate=Tue May 25 15:53:50 KST 2021), Memo(no=11, memo=다시시작, regDate=Tue May 25 15:52:36 KST 2021), Memo(no=10, memo=시작, regDate=Tue May 25 15:51:35 KST 2021), Memo(no=9, memo=홍길동입니다, regDate=Mon May 24 23:43:53 KST 2021), Memo(no=8, memo=시간체크, regDate=Mon May 24 22:43:02 KST 2021), Memo(no=7, memo=그러세여, regDate=Mon May 24 22:31:11 KST 2021), Memo(no=6, memo=아니요,잘안갈겁니다, regDate=Mon May 24 19:50:32 KST 2021), Memo(no=5, memo=잘가겠습니다, regDate=Mon May 24 19:47:23 KST 2021), Memo(no=4, memo=네,안녕히가세여, regDate=Mon May 24 19:45:11 KST 2021), Memo(no=3, memo=안녕히가세요, regDate=Mon May 24 17:57:36 KST 2021), Memo(no=2, memo=반갑습니다., regDate=Mon May 24 17:34:19 KST 2021), Memo(no=1, memo=안녕하세요., regDate=Mon May 24 17:32:04 KST 2021)]}], org.springframework.validation.BindingResult.modelAndView=org.springframework.validation.BeanPropertyBindingResult: 0 errors, list=[Memo(no=14, memo=안녕2~~~, regDate=Tue May 25 16:24:20 KST 2021), Memo(no=13, memo=안녕~~~~, regDate=Tue May 25 15:57:01 KST 2021), Memo(no=12, memo=시간체크해보자, regDate=Tue May 25 15:53:50 KST 2021), Memo(no=11, memo=다시시작, regDate=Tue May 25 15:52:36 KST 2021), Memo(no=10, memo=시작, regDate=Tue May 25 15:51:35 KST 2021), Memo(no=9, memo=홍길동입니다, regDate=Mon May 24 23:43:53 KST 2021), Memo(no=8, memo=시간체크, regDate=Mon May 24 22:43:02 KST 2021), Memo(no=7, memo=그러세여, regDate=Mon May 24 22:31:11 KST 2021), Memo(no=6, memo=아니요,잘안갈겁니다, regDate=Mon May 24 19:50:32 KST 2021), Memo(no=5, memo=잘가겠습니다, regDate=Mon May 24 19:47:23 KST 2021), Memo(no=4, memo=네,안녕히가세여, regDate=Mon May 24 19:45:11 KST 2021), Memo(no=3, memo=안녕히가세요, regDate=Mon May 24 17:57:36 KST 2021), Memo(no=2, memo=반갑습니다., regDate=Mon May 24 17:34:19 KST 2021), Memo(no=1, memo=안녕하세요., regDate=Mon May 24 17:32:04 KST 2021)]}]
DEBUG:[2021-06-29 19:46:39,363] LoggerInterceptor.java:45 - ------------------- view -------------------
DEBUG:[2021-06-29 19:46:39,363] LoggerInterceptor.java:47 - ____________________end_____________________
DEBUG:[2021-06-29 19:46:55,883] LoggerInterceptor.java:20 - =================== start ===================
DEBUG:[2021-06-29 19:46:55,884] LoggerInterceptor.java:21 - /spring/demo/devList.do
DEBUG:[2021-06-29 19:46:55,884] LoggerInterceptor.java:22 - ---------------------------------------------
INFO :[2021-06-29 19:46:55,891] DemoController.java:223 - list = [Dev(no=7, name=신사임당딸, career=3, email=abcd@naver.com, gender=F, lang=[Javascript, Python]), Dev(no=6, name=유관순, career=20, email=abcd@naver.com, gender=F, lang=[C, Javascript, Python]), Dev(no=4, name=이순신, career=10, email=abcd@naver.com, gender=M, lang=[C, Javascript]), Dev(no=1, name=홍길동, career=10, email=abcd@naver.com, gender=M, lang=[Java, C, Python])]
DEBUG:[2021-06-29 19:46:55,892] LoggerInterceptor.java:34 - ---------------------------------------------
DEBUG:[2021-06-29 19:46:55,892] LoggerInterceptor.java:35 - modelAndView = ModelAndView [view="demo/devList"; model={list=[Dev(no=7, name=신사임당딸, career=3, email=abcd@naver.com, gender=F, lang=[Javascript, Python]), Dev(no=6, name=유관순, career=20, email=abcd@naver.com, gender=F, lang=[C, Javascript, Python]), Dev(no=4, name=이순신, career=10, email=abcd@naver.com, gender=M, lang=[C, Javascript]), Dev(no=1, name=홍길동, career=10, email=abcd@naver.com, gender=M, lang=[Java, C, Python])]}]
DEBUG:[2021-06-29 19:46:55,922] LoggerInterceptor.java:45 - ------------------- view -------------------
DEBUG:[2021-06-29 19:46:55,922] LoggerInterceptor.java:47 - ____________________end_____________________
INFO :[2021-06-29 19:47:08,061] WebSocketMessageBrokerStats.java:124 - WebSocketSession[0 current WS(0)-HttpStream(0)-HttpPoll(0), 0 total, 0 closed abnormally (0 connect failure, 0 send limit, 0 transport error)], stompSubProtocol[processed CONNECT(0)-CONNECTED(0)-DISCONNECT(0)], stompBrokerRelay[null], inboundChannel[pool size = 0, active threads = 0, queued tasks = 0, completed tasks = 0], outboundChannel[pool size = 0, active threads = 0, queued tasks = 0, completed tasks = 0], sockJsScheduler[pool size = 1, active threads = 1, queued tasks = 0, completed tasks = 0]
DEBUG:[2021-06-29 19:47:20,007] LoggerInterceptor.java:20 - =================== start ===================
DEBUG:[2021-06-29 19:47:20,007] LoggerInterceptor.java:21 - /spring/memo/memo.do
DEBUG:[2021-06-29 19:47:20,007] LoggerInterceptor.java:22 - ---------------------------------------------
DEBUG:[2021-06-29 19:47:20,008] MemoController.java:39 - memoService = class com.sun.proxy.$Proxy51
DEBUG:[2021-06-29 19:47:20,014] MemoController.java:44 - list = [Memo(no=14, memo=안녕2~~~, regDate=Tue May 25 16:24:20 KST 2021), Memo(no=13, memo=안녕~~~~, regDate=Tue May 25 15:57:01 KST 2021), Memo(no=12, memo=시간체크해보자, regDate=Tue May 25 15:53:50 KST 2021), Memo(no=11, memo=다시시작, regDate=Tue May 25 15:52:36 KST 2021), Memo(no=10, memo=시작, regDate=Tue May 25 15:51:35 KST 2021), Memo(no=9, memo=홍길동입니다, regDate=Mon May 24 23:43:53 KST 2021), Memo(no=8, memo=시간체크, regDate=Mon May 24 22:43:02 KST 2021), Memo(no=7, memo=그러세여, regDate=Mon May 24 22:31:11 KST 2021), Memo(no=6, memo=아니요,잘안갈겁니다, regDate=Mon May 24 19:50:32 KST 2021), Memo(no=5, memo=잘가겠습니다, regDate=Mon May 24 19:47:23 KST 2021), Memo(no=4, memo=네,안녕히가세여, regDate=Mon May 24 19:45:11 KST 2021), Memo(no=3, memo=안녕히가세요, regDate=Mon May 24 17:57:36 KST 2021), Memo(no=2, memo=반갑습니다., regDate=Mon May 24 17:34:19 KST 2021), Memo(no=1, memo=안녕하세요., regDate=Mon May 24 17:32:04 KST 2021)]
DEBUG:[2021-06-29 19:47:20,014] LoggerInterceptor.java:34 - ---------------------------------------------
DEBUG:[2021-06-29 19:47:20,015] LoggerInterceptor.java:35 - modelAndView = ModelAndView [view="memo/memo"; model={modelAndView=ModelAndView [view="memo/memo"; model={list=[Memo(no=14, memo=안녕2~~~, regDate=Tue May 25 16:24:20 KST 2021), Memo(no=13, memo=안녕~~~~, regDate=Tue May 25 15:57:01 KST 2021), Memo(no=12, memo=시간체크해보자, regDate=Tue May 25 15:53:50 KST 2021), Memo(no=11, memo=다시시작, regDate=Tue May 25 15:52:36 KST 2021), Memo(no=10, memo=시작, regDate=Tue May 25 15:51:35 KST 2021), Memo(no=9, memo=홍길동입니다, regDate=Mon May 24 23:43:53 KST 2021), Memo(no=8, memo=시간체크, regDate=Mon May 24 22:43:02 KST 2021), Memo(no=7, memo=그러세여, regDate=Mon May 24 22:31:11 KST 2021), Memo(no=6, memo=아니요,잘안갈겁니다, regDate=Mon May 24 19:50:32 KST 2021), Memo(no=5, memo=잘가겠습니다, regDate=Mon May 24 19:47:23 KST 2021), Memo(no=4, memo=네,안녕히가세여, regDate=Mon May 24 19:45:11 KST 2021), Memo(no=3, memo=안녕히가세요, regDate=Mon May 24 17:57:36 KST 2021), Memo(no=2, memo=반갑습니다., regDate=Mon May 24 17:34:19 KST 2021), Memo(no=1, memo=안녕하세요., regDate=Mon May 24 17:32:04 KST 2021)]}], org.springframework.validation.BindingResult.modelAndView=org.springframework.validation.BeanPropertyBindingResult: 0 errors, list=[Memo(no=14, memo=안녕2~~~, regDate=Tue May 25 16:24:20 KST 2021), Memo(no=13, memo=안녕~~~~, regDate=Tue May 25 15:57:01 KST 2021), Memo(no=12, memo=시간체크해보자, regDate=Tue May 25 15:53:50 KST 2021), Memo(no=11, memo=다시시작, regDate=Tue May 25 15:52:36 KST 2021), Memo(no=10, memo=시작, regDate=Tue May 25 15:51:35 KST 2021), Memo(no=9, memo=홍길동입니다, regDate=Mon May 24 23:43:53 KST 2021), Memo(no=8, memo=시간체크, regDate=Mon May 24 22:43:02 KST 2021), Memo(no=7, memo=그러세여, regDate=Mon May 24 22:31:11 KST 2021), Memo(no=6, memo=아니요,잘안갈겁니다, regDate=Mon May 24 19:50:32 KST 2021), Memo(no=5, memo=잘가겠습니다, regDate=Mon May 24 19:47:23 KST 2021), Memo(no=4, memo=네,안녕히가세여, regDate=Mon May 24 19:45:11 KST 2021), Memo(no=3, memo=안녕히가세요, regDate=Mon May 24 17:57:36 KST 2021), Memo(no=2, memo=반갑습니다., regDate=Mon May 24 17:34:19 KST 2021), Memo(no=1, memo=안녕하세요., regDate=Mon May 24 17:32:04 KST 2021)]}]
DEBUG:[2021-06-29 19:47:20,027] LoggerInterceptor.java:45 - ------------------- view -------------------
DEBUG:[2021-06-29 19:47:20,027] LoggerInterceptor.java:47 - ____________________end_____________________
DEBUG:[2021-06-29 19:47:48,335] LoggerInterceptor.java:20 - =================== start ===================
DEBUG:[2021-06-29 19:47:48,336] LoggerInterceptor.java:21 - /spring/memo/memo.do
DEBUG:[2021-06-29 19:47:48,336] LoggerInterceptor.java:22 - ---------------------------------------------
DEBUG:[2021-06-29 19:47:48,336] MemoController.java:39 - memoService = class com.sun.proxy.$Proxy51
DEBUG:[2021-06-29 19:47:48,340] MemoController.java:44 - list = [Memo(no=14, memo=안녕2~~~, regDate=Tue May 25 16:24:20 KST 2021), Memo(no=13, memo=안녕~~~~, regDate=Tue May 25 15:57:01 KST 2021), Memo(no=12, memo=시간체크해보자, regDate=Tue May 25 15:53:50 KST 2021), Memo(no=11, memo=다시시작, regDate=Tue May 25 15:52:36 KST 2021), Memo(no=10, memo=시작, regDate=Tue May 25 15:51:35 KST 2021), Memo(no=9, memo=홍길동입니다, regDate=Mon May 24 23:43:53 KST 2021), Memo(no=8, memo=시간체크, regDate=Mon May 24 22:43:02 KST 2021), Memo(no=7, memo=그러세여, regDate=Mon May 24 22:31:11 KST 2021), Memo(no=6, memo=아니요,잘안갈겁니다, regDate=Mon May 24 19:50:32 KST 2021), Memo(no=5, memo=잘가겠습니다, regDate=Mon May 24 19:47:23 KST 2021), Memo(no=4, memo=네,안녕히가세여, regDate=Mon May 24 19:45:11 KST 2021), Memo(no=3, memo=안녕히가세요, regDate=Mon May 24 17:57:36 KST 2021), Memo(no=2, memo=반갑습니다., regDate=Mon May 24 17:34:19 KST 2021), Memo(no=1, memo=안녕하세요., regDate=Mon May 24 17:32:04 KST 2021)]
DEBUG:[2021-06-29 19:47:48,341] LoggerInterceptor.java:34 - ---------------------------------------------
DEBUG:[2021-06-29 19:47:48,341] LoggerInterceptor.java:35 - modelAndView = ModelAndView [view="memo/memo"; model={modelAndView=ModelAndView [view="memo/memo"; model={list=[Memo(no=14, memo=안녕2~~~, regDate=Tue May 25 16:24:20 KST 2021), Memo(no=13, memo=안녕~~~~, regDate=Tue May 25 15:57:01 KST 2021), Memo(no=12, memo=시간체크해보자, regDate=Tue May 25 15:53:50 KST 2021), Memo(no=11, memo=다시시작, regDate=Tue May 25 15:52:36 KST 2021), Memo(no=10, memo=시작, regDate=Tue May 25 15:51:35 KST 2021), Memo(no=9, memo=홍길동입니다, regDate=Mon May 24 23:43:53 KST 2021), Memo(no=8, memo=시간체크, regDate=Mon May 24 22:43:02 KST 2021), Memo(no=7, memo=그러세여, regDate=Mon May 24 22:31:11 KST 2021), Memo(no=6, memo=아니요,잘안갈겁니다, regDate=Mon May 24 19:50:32 KST 2021), Memo(no=5, memo=잘가겠습니다, regDate=Mon May 24 19:47:23 KST 2021), Memo(no=4, memo=네,안녕히가세여, regDate=Mon May 24 19:45:11 KST 2021), Memo(no=3, memo=안녕히가세요, regDate=Mon May 24 17:57:36 KST 2021), Memo(no=2, memo=반갑습니다., regDate=Mon May 24 17:34:19 KST 2021), Memo(no=1, memo=안녕하세요., regDate=Mon May 24 17:32:04 KST 2021)]}], org.springframework.validation.BindingResult.modelAndView=org.springframework.validation.BeanPropertyBindingResult: 0 errors, list=[Memo(no=14, memo=안녕2~~~, regDate=Tue May 25 16:24:20 KST 2021), Memo(no=13, memo=안녕~~~~, regDate=Tue May 25 15:57:01 KST 2021), Memo(no=12, memo=시간체크해보자, regDate=Tue May 25 15:53:50 KST 2021), Memo(no=11, memo=다시시작, regDate=Tue May 25 15:52:36 KST 2021), Memo(no=10, memo=시작, regDate=Tue May 25 15:51:35 KST 2021), Memo(no=9, memo=홍길동입니다, regDate=Mon May 24 23:43:53 KST 2021), Memo(no=8, memo=시간체크, regDate=Mon May 24 22:43:02 KST 2021), Memo(no=7, memo=그러세여, regDate=Mon May 24 22:31:11 KST 2021), Memo(no=6, memo=아니요,잘안갈겁니다, regDate=Mon May 24 19:50:32 KST 2021), Memo(no=5, memo=잘가겠습니다, regDate=Mon May 24 19:47:23 KST 2021), Memo(no=4, memo=네,안녕히가세여, regDate=Mon May 24 19:45:11 KST 2021), Memo(no=3, memo=안녕히가세요, regDate=Mon May 24 17:57:36 KST 2021), Memo(no=2, memo=반갑습니다., regDate=Mon May 24 17:34:19 KST 2021), Memo(no=1, memo=안녕하세요., regDate=Mon May 24 17:32:04 KST 2021)]}]
DEBUG:[2021-06-29 19:47:48,581] LoggerInterceptor.java:45 - ------------------- view -------------------
DEBUG:[2021-06-29 19:47:48,581] LoggerInterceptor.java:47 - ____________________end_____________________
DEBUG:[2021-06-29 19:47:48,635] LoggerInterceptor.java:20 - =================== start ===================
DEBUG:[2021-06-29 19:47:48,636] LoggerInterceptor.java:21 - /spring/resources/css/style.css
DEBUG:[2021-06-29 19:47:48,636] LoggerInterceptor.java:22 - ---------------------------------------------
DEBUG:[2021-06-29 19:47:48,640] LoggerInterceptor.java:34 - ---------------------------------------------
DEBUG:[2021-06-29 19:47:48,640] LoggerInterceptor.java:35 - modelAndView = null
DEBUG:[2021-06-29 19:47:48,640] LoggerInterceptor.java:45 - ------------------- view -------------------
DEBUG:[2021-06-29 19:47:48,640] LoggerInterceptor.java:47 - ____________________end_____________________
DEBUG:[2021-06-29 19:47:48,691] LoggerInterceptor.java:20 - =================== start ===================
DEBUG:[2021-06-29 19:47:48,692] LoggerInterceptor.java:21 - /spring/resources/images/logo-spring.png
DEBUG:[2021-06-29 19:47:48,692] LoggerInterceptor.java:22 - ---------------------------------------------
DEBUG:[2021-06-29 19:47:48,695] LoggerInterceptor.java:34 - ---------------------------------------------
DEBUG:[2021-06-29 19:47:48,696] LoggerInterceptor.java:35 - modelAndView = null
DEBUG:[2021-06-29 19:47:48,696] LoggerInterceptor.java:45 - ------------------- view -------------------
DEBUG:[2021-06-29 19:47:48,696] LoggerInterceptor.java:47 - ____________________end_____________________
DEBUG:[2021-06-29 19:47:51,587] LoggerInterceptor.java:20 - =================== start ===================
DEBUG:[2021-06-29 19:47:51,587] LoggerInterceptor.java:21 - /spring/demo/devList.do
DEBUG:[2021-06-29 19:47:51,587] LoggerInterceptor.java:22 - ---------------------------------------------
INFO :[2021-06-29 19:47:51,590] DemoController.java:223 - list = [Dev(no=7, name=신사임당딸, career=3, email=abcd@naver.com, gender=F, lang=[Javascript, Python]), Dev(no=6, name=유관순, career=20, email=abcd@naver.com, gender=F, lang=[C, Javascript, Python]), Dev(no=4, name=이순신, career=10, email=abcd@naver.com, gender=M, lang=[C, Javascript]), Dev(no=1, name=홍길동, career=10, email=abcd@naver.com, gender=M, lang=[Java, C, Python])]
DEBUG:[2021-06-29 19:47:51,590] LoggerInterceptor.java:34 - ---------------------------------------------
DEBUG:[2021-06-29 19:47:51,591] LoggerInterceptor.java:35 - modelAndView = ModelAndView [view="demo/devList"; model={list=[Dev(no=7, name=신사임당딸, career=3, email=abcd@naver.com, gender=F, lang=[Javascript, Python]), Dev(no=6, name=유관순, career=20, email=abcd@naver.com, gender=F, lang=[C, Javascript, Python]), Dev(no=4, name=이순신, career=10, email=abcd@naver.com, gender=M, lang=[C, Javascript]), Dev(no=1, name=홍길동, career=10, email=abcd@naver.com, gender=M, lang=[Java, C, Python])]}]
DEBUG:[2021-06-29 19:47:51,595] LoggerInterceptor.java:45 - ------------------- view -------------------
DEBUG:[2021-06-29 19:47:51,595] LoggerInterceptor.java:47 - ____________________end_____________________
DEBUG:[2021-06-29 19:49:51,279] LoggerInterceptor.java:20 - =================== start ===================
DEBUG:[2021-06-29 19:49:51,280] LoggerInterceptor.java:21 - /spring/demo/devList.do
DEBUG:[2021-06-29 19:49:51,280] LoggerInterceptor.java:22 - ---------------------------------------------
INFO :[2021-06-29 19:49:51,283] DemoController.java:223 - list = [Dev(no=7, name=신사임당딸, career=3, email=abcd@naver.com, gender=F, lang=[Javascript, Python]), Dev(no=6, name=유관순, career=20, email=abcd@naver.com, gender=F, lang=[C, Javascript, Python]), Dev(no=4, name=이순신, career=10, email=abcd@naver.com, gender=M, lang=[C, Javascript]), Dev(no=1, name=홍길동, career=10, email=abcd@naver.com, gender=M, lang=[Java, C, Python])]
DEBUG:[2021-06-29 19:49:51,284] LoggerInterceptor.java:34 - ---------------------------------------------
DEBUG:[2021-06-29 19:49:51,284] LoggerInterceptor.java:35 - modelAndView = ModelAndView [view="demo/devList"; model={list=[Dev(no=7, name=신사임당딸, career=3, email=abcd@naver.com, gender=F, lang=[Javascript, Python]), Dev(no=6, name=유관순, career=20, email=abcd@naver.com, gender=F, lang=[C, Javascript, Python]), Dev(no=4, name=이순신, career=10, email=abcd@naver.com, gender=M, lang=[C, Javascript]), Dev(no=1, name=홍길동, career=10, email=abcd@naver.com, gender=M, lang=[Java, C, Python])]}]
DEBUG:[2021-06-29 19:49:51,508] LoggerInterceptor.java:45 - ------------------- view -------------------
DEBUG:[2021-06-29 19:49:51,508] LoggerInterceptor.java:47 - ____________________end_____________________
DEBUG:[2021-06-29 19:49:51,562] LoggerInterceptor.java:20 - =================== start ===================
DEBUG:[2021-06-29 19:49:51,562] LoggerInterceptor.java:21 - /spring/resources/css/style.css
DEBUG:[2021-06-29 19:49:51,563] LoggerInterceptor.java:22 - ---------------------------------------------
DEBUG:[2021-06-29 19:49:51,566] LoggerInterceptor.java:34 - ---------------------------------------------
DEBUG:[2021-06-29 19:49:51,567] LoggerInterceptor.java:35 - modelAndView = null
DEBUG:[2021-06-29 19:49:51,567] LoggerInterceptor.java:45 - ------------------- view -------------------
DEBUG:[2021-06-29 19:49:51,567] LoggerInterceptor.java:47 - ____________________end_____________________
DEBUG:[2021-06-29 19:49:51,594] LoggerInterceptor.java:20 - =================== start ===================
DEBUG:[2021-06-29 19:49:51,595] LoggerInterceptor.java:21 - /spring/resources/images/logo-spring.png
DEBUG:[2021-06-29 19:49:51,595] LoggerInterceptor.java:22 - ---------------------------------------------
DEBUG:[2021-06-29 19:49:51,598] LoggerInterceptor.java:34 - ---------------------------------------------
DEBUG:[2021-06-29 19:49:51,598] LoggerInterceptor.java:35 - modelAndView = null
DEBUG:[2021-06-29 19:49:51,598] LoggerInterceptor.java:45 - ------------------- view -------------------
DEBUG:[2021-06-29 19:49:51,599] LoggerInterceptor.java:47 - ____________________end_____________________
DEBUG:[2021-06-29 19:50:16,458] LoggerInterceptor.java:20 - =================== start ===================
DEBUG:[2021-06-29 19:50:16,458] LoggerInterceptor.java:21 - /spring/demo/devList.do
DEBUG:[2021-06-29 19:50:16,458] LoggerInterceptor.java:22 - ---------------------------------------------
INFO :[2021-06-29 19:50:16,462] DemoController.java:223 - list = [Dev(no=7, name=신사임당딸, career=3, email=abcd@naver.com, gender=F, lang=[Javascript, Python]), Dev(no=6, name=유관순, career=20, email=abcd@naver.com, gender=F, lang=[C, Javascript, Python]), Dev(no=4, name=이순신, career=10, email=abcd@naver.com, gender=M, lang=[C, Javascript]), Dev(no=1, name=홍길동, career=10, email=abcd@naver.com, gender=M, lang=[Java, C, Python])]
DEBUG:[2021-06-29 19:50:16,462] LoggerInterceptor.java:34 - ---------------------------------------------
DEBUG:[2021-06-29 19:50:16,462] LoggerInterceptor.java:35 - modelAndView = ModelAndView [view="demo/devList"; model={list=[Dev(no=7, name=신사임당딸, career=3, email=abcd@naver.com, gender=F, lang=[Javascript, Python]), Dev(no=6, name=유관순, career=20, email=abcd@naver.com, gender=F, lang=[C, Javascript, Python]), Dev(no=4, name=이순신, career=10, email=abcd@naver.com, gender=M, lang=[C, Javascript]), Dev(no=1, name=홍길동, career=10, email=abcd@naver.com, gender=M, lang=[Java, C, Python])]}]
DEBUG:[2021-06-29 19:50:16,666] LoggerInterceptor.java:45 - ------------------- view -------------------
DEBUG:[2021-06-29 19:50:16,666] LoggerInterceptor.java:47 - ____________________end_____________________
DEBUG:[2021-06-29 19:50:16,711] LoggerInterceptor.java:20 - =================== start ===================
DEBUG:[2021-06-29 19:50:16,712] LoggerInterceptor.java:21 - /spring/resources/css/style.css
DEBUG:[2021-06-29 19:50:16,712] LoggerInterceptor.java:22 - ---------------------------------------------
DEBUG:[2021-06-29 19:50:16,714] LoggerInterceptor.java:34 - ---------------------------------------------
DEBUG:[2021-06-29 19:50:16,715] LoggerInterceptor.java:35 - modelAndView = null
DEBUG:[2021-06-29 19:50:16,715] LoggerInterceptor.java:45 - ------------------- view -------------------
DEBUG:[2021-06-29 19:50:16,715] LoggerInterceptor.java:47 - ____________________end_____________________
DEBUG:[2021-06-29 19:50:16,756] LoggerInterceptor.java:20 - =================== start ===================
DEBUG:[2021-06-29 19:50:16,756] LoggerInterceptor.java:21 - /spring/resources/images/logo-spring.png
DEBUG:[2021-06-29 19:50:16,756] LoggerInterceptor.java:22 - ---------------------------------------------
DEBUG:[2021-06-29 19:50:16,759] LoggerInterceptor.java:34 - ---------------------------------------------
DEBUG:[2021-06-29 19:50:16,759] LoggerInterceptor.java:35 - modelAndView = null
DEBUG:[2021-06-29 19:50:16,759] LoggerInterceptor.java:45 - ------------------- view -------------------
DEBUG:[2021-06-29 19:50:16,759] LoggerInterceptor.java:47 - ____________________end_____________________
DEBUG:[2021-06-29 20:15:05,801] LoggerInterceptor.java:20 - =================== start ===================
DEBUG:[2021-06-29 20:15:05,801] LoggerInterceptor.java:21 - /spring/demo/devList.do
DEBUG:[2021-06-29 20:15:05,801] LoggerInterceptor.java:22 - ---------------------------------------------
INFO :[2021-06-29 20:15:05,804] DemoController.java:223 - list = [Dev(no=7, name=신사임당딸, career=3, email=abcd@naver.com, gender=F, lang=[Javascript, Python]), Dev(no=6, name=유관순, career=20, email=abcd@naver.com, gender=F, lang=[C, Javascript, Python]), Dev(no=4, name=이순신, career=10, email=abcd@naver.com, gender=M, lang=[C, Javascript]), Dev(no=1, name=홍길동, career=10, email=abcd@naver.com, gender=M, lang=[Java, C, Python])]
DEBUG:[2021-06-29 20:15:05,805] LoggerInterceptor.java:34 - ---------------------------------------------
DEBUG:[2021-06-29 20:15:05,805] LoggerInterceptor.java:35 - modelAndView = ModelAndView [view="demo/devList"; model={list=[Dev(no=7, name=신사임당딸, career=3, email=abcd@naver.com, gender=F, lang=[Javascript, Python]), Dev(no=6, name=유관순, career=20, email=abcd@naver.com, gender=F, lang=[C, Javascript, Python]), Dev(no=4, name=이순신, career=10, email=abcd@naver.com, gender=M, lang=[C, Javascript]), Dev(no=1, name=홍길동, career=10, email=abcd@naver.com, gender=M, lang=[Java, C, Python])]}]
DEBUG:[2021-06-29 20:15:06,007] LoggerInterceptor.java:45 - ------------------- view -------------------
DEBUG:[2021-06-29 20:15:06,007] LoggerInterceptor.java:47 - ____________________end_____________________
DEBUG:[2021-06-29 20:15:06,065] LoggerInterceptor.java:20 - =================== start ===================
DEBUG:[2021-06-29 20:15:06,065] LoggerInterceptor.java:21 - /spring/resources/css/style.css
DEBUG:[2021-06-29 20:15:06,065] LoggerInterceptor.java:22 - ---------------------------------------------
DEBUG:[2021-06-29 20:15:06,068] LoggerInterceptor.java:34 - ---------------------------------------------
DEBUG:[2021-06-29 20:15:06,068] LoggerInterceptor.java:35 - modelAndView = null
DEBUG:[2021-06-29 20:15:06,068] LoggerInterceptor.java:45 - ------------------- view -------------------
DEBUG:[2021-06-29 20:15:06,068] LoggerInterceptor.java:47 - ____________________end_____________________
DEBUG:[2021-06-29 20:15:06,101] LoggerInterceptor.java:20 - =================== start ===================
DEBUG:[2021-06-29 20:15:06,101] LoggerInterceptor.java:21 - /spring/resources/images/logo-spring.png
DEBUG:[2021-06-29 20:15:06,101] LoggerInterceptor.java:22 - ---------------------------------------------
DEBUG:[2021-06-29 20:15:06,103] LoggerInterceptor.java:34 - ---------------------------------------------
DEBUG:[2021-06-29 20:15:06,104] LoggerInterceptor.java:35 - modelAndView = null
DEBUG:[2021-06-29 20:15:06,104] LoggerInterceptor.java:45 - ------------------- view -------------------
DEBUG:[2021-06-29 20:15:06,104] LoggerInterceptor.java:47 - ____________________end_____________________
DEBUG:[2021-06-29 20:15:16,283] LoggerInterceptor.java:20 - =================== start ===================
DEBUG:[2021-06-29 20:15:16,283] LoggerInterceptor.java:21 - /spring/demo/devList.do
DEBUG:[2021-06-29 20:15:16,283] LoggerInterceptor.java:22 - ---------------------------------------------
INFO :[2021-06-29 20:15:16,286] DemoController.java:223 - list = [Dev(no=7, name=신사임당딸, career=3, email=abcd@naver.com, gender=F, lang=[Javascript, Python]), Dev(no=6, name=유관순, career=20, email=abcd@naver.com, gender=F, lang=[C, Javascript, Python]), Dev(no=4, name=이순신, career=10, email=abcd@naver.com, gender=M, lang=[C, Javascript]), Dev(no=1, name=홍길동, career=10, email=abcd@naver.com, gender=M, lang=[Java, C, Python])]
DEBUG:[2021-06-29 20:15:16,287] LoggerInterceptor.java:34 - ---------------------------------------------
DEBUG:[2021-06-29 20:15:16,287] LoggerInterceptor.java:35 - modelAndView = ModelAndView [view="demo/devList"; model={list=[Dev(no=7, name=신사임당딸, career=3, email=abcd@naver.com, gender=F, lang=[Javascript, Python]), Dev(no=6, name=유관순, career=20, email=abcd@naver.com, gender=F, lang=[C, Javascript, Python]), Dev(no=4, name=이순신, career=10, email=abcd@naver.com, gender=M, lang=[C, Javascript]), Dev(no=1, name=홍길동, career=10, email=abcd@naver.com, gender=M, lang=[Java, C, Python])]}]
DEBUG:[2021-06-29 20:15:16,293] LoggerInterceptor.java:45 - ------------------- view -------------------
DEBUG:[2021-06-29 20:15:16,294] LoggerInterceptor.java:47 - ____________________end_____________________
DEBUG:[2021-06-29 20:15:55,087] LoggerInterceptor.java:20 - =================== start ===================
DEBUG:[2021-06-29 20:15:55,088] LoggerInterceptor.java:21 - /spring/demo/devList.do
DEBUG:[2021-06-29 20:15:55,088] LoggerInterceptor.java:22 - ---------------------------------------------
INFO :[2021-06-29 20:15:55,090] DemoController.java:223 - list = [Dev(no=7, name=신사임당딸, career=3, email=abcd@naver.com, gender=F, lang=[Javascript, Python]), Dev(no=6, name=유관순, career=20, email=abcd@naver.com, gender=F, lang=[C, Javascript, Python]), Dev(no=4, name=이순신, career=10, email=abcd@naver.com, gender=M, lang=[C, Javascript]), Dev(no=1, name=홍길동, career=10, email=abcd@naver.com, gender=M, lang=[Java, C, Python])]
DEBUG:[2021-06-29 20:15:55,091] LoggerInterceptor.java:34 - ---------------------------------------------
DEBUG:[2021-06-29 20:15:55,091] LoggerInterceptor.java:35 - modelAndView = ModelAndView [view="demo/devList"; model={list=[Dev(no=7, name=신사임당딸, career=3, email=abcd@naver.com, gender=F, lang=[Javascript, Python]), Dev(no=6, name=유관순, career=20, email=abcd@naver.com, gender=F, lang=[C, Javascript, Python]), Dev(no=4, name=이순신, career=10, email=abcd@naver.com, gender=M, lang=[C, Javascript]), Dev(no=1, name=홍길동, career=10, email=abcd@naver.com, gender=M, lang=[Java, C, Python])]}]
DEBUG:[2021-06-29 20:15:55,261] LoggerInterceptor.java:45 - ------------------- view -------------------
DEBUG:[2021-06-29 20:15:55,261] LoggerInterceptor.java:47 - ____________________end_____________________
DEBUG:[2021-06-29 20:15:57,227] LoggerInterceptor.java:20 - =================== start ===================
DEBUG:[2021-06-29 20:15:57,228] LoggerInterceptor.java:21 - /spring/demo/devList.do
DEBUG:[2021-06-29 20:15:57,228] LoggerInterceptor.java:22 - ---------------------------------------------
INFO :[2021-06-29 20:15:57,230] DemoController.java:223 - list = [Dev(no=7, name=신사임당딸, career=3, email=abcd@naver.com, gender=F, lang=[Javascript, Python]), Dev(no=6, name=유관순, career=20, email=abcd@naver.com, gender=F, lang=[C, Javascript, Python]), Dev(no=4, name=이순신, career=10, email=abcd@naver.com, gender=M, lang=[C, Javascript]), Dev(no=1, name=홍길동, career=10, email=abcd@naver.com, gender=M, lang=[Java, C, Python])]
DEBUG:[2021-06-29 20:15:57,230] LoggerInterceptor.java:34 - ---------------------------------------------
DEBUG:[2021-06-29 20:15:57,230] LoggerInterceptor.java:35 - modelAndView = ModelAndView [view="demo/devList"; model={list=[Dev(no=7, name=신사임당딸, career=3, email=abcd@naver.com, gender=F, lang=[Javascript, Python]), Dev(no=6, name=유관순, career=20, email=abcd@naver.com, gender=F, lang=[C, Javascript, Python]), Dev(no=4, name=이순신, career=10, email=abcd@naver.com, gender=M, lang=[C, Javascript]), Dev(no=1, name=홍길동, career=10, email=abcd@naver.com, gender=M, lang=[Java, C, Python])]}]
DEBUG:[2021-06-29 20:15:57,232] LoggerInterceptor.java:45 - ------------------- view -------------------
DEBUG:[2021-06-29 20:15:57,232] LoggerInterceptor.java:47 - ____________________end_____________________
DEBUG:[2021-06-29 20:15:57,267] LoggerInterceptor.java:20 - =================== start ===================
DEBUG:[2021-06-29 20:15:57,267] LoggerInterceptor.java:21 - /spring/resources/css/style.css
DEBUG:[2021-06-29 20:15:57,267] LoggerInterceptor.java:22 - ---------------------------------------------
DEBUG:[2021-06-29 20:15:57,270] LoggerInterceptor.java:34 - ---------------------------------------------
DEBUG:[2021-06-29 20:15:57,270] LoggerInterceptor.java:35 - modelAndView = null
DEBUG:[2021-06-29 20:15:57,270] LoggerInterceptor.java:45 - ------------------- view -------------------
DEBUG:[2021-06-29 20:15:57,270] LoggerInterceptor.java:47 - ____________________end_____________________
DEBUG:[2021-06-29 20:15:57,297] LoggerInterceptor.java:20 - =================== start ===================
DEBUG:[2021-06-29 20:15:57,298] LoggerInterceptor.java:21 - /spring/resources/images/logo-spring.png
DEBUG:[2021-06-29 20:15:57,298] LoggerInterceptor.java:22 - ---------------------------------------------
DEBUG:[2021-06-29 20:15:57,300] LoggerInterceptor.java:34 - ---------------------------------------------
DEBUG:[2021-06-29 20:15:57,300] LoggerInterceptor.java:35 - modelAndView = null
DEBUG:[2021-06-29 20:15:57,300] LoggerInterceptor.java:45 - ------------------- view -------------------
DEBUG:[2021-06-29 20:15:57,300] LoggerInterceptor.java:47 - ____________________end_____________________
INFO :[2021-06-29 20:17:08,057] WebSocketMessageBrokerStats.java:124 - WebSocketSession[0 current WS(0)-HttpStream(0)-HttpPoll(0), 0 total, 0 closed abnormally (0 connect failure, 0 send limit, 0 transport error)], stompSubProtocol[processed CONNECT(0)-CONNECTED(0)-DISCONNECT(0)], stompBrokerRelay[null], inboundChannel[pool size = 0, active threads = 0, queued tasks = 0, completed tasks = 0], outboundChannel[pool size = 0, active threads = 0, queued tasks = 0, completed tasks = 0], sockJsScheduler[pool size = 2, active threads = 1, queued tasks = 0, completed tasks = 1]
DEBUG:[2021-06-29 20:17:24,968] LoggerInterceptor.java:20 - =================== start ===================
DEBUG:[2021-06-29 20:17:24,968] LoggerInterceptor.java:21 - /spring/demo/devList.do
DEBUG:[2021-06-29 20:17:24,968] LoggerInterceptor.java:22 - ---------------------------------------------
INFO :[2021-06-29 20:17:24,971] DemoController.java:223 - list = [Dev(no=7, name=신사임당딸, career=3, email=abcd@naver.com, gender=F, lang=[Javascript, Python]), Dev(no=6, name=유관순, career=20, email=abcd@naver.com, gender=F, lang=[C, Javascript, Python]), Dev(no=4, name=이순신, career=10, email=abcd@naver.com, gender=M, lang=[C, Javascript]), Dev(no=1, name=홍길동, career=10, email=abcd@naver.com, gender=M, lang=[Java, C, Python])]
DEBUG:[2021-06-29 20:17:24,971] LoggerInterceptor.java:34 - ---------------------------------------------
DEBUG:[2021-06-29 20:17:24,971] LoggerInterceptor.java:35 - modelAndView = ModelAndView [view="demo/devList"; model={list=[Dev(no=7, name=신사임당딸, career=3, email=abcd@naver.com, gender=F, lang=[Javascript, Python]), Dev(no=6, name=유관순, career=20, email=abcd@naver.com, gender=F, lang=[C, Javascript, Python]), Dev(no=4, name=이순신, career=10, email=abcd@naver.com, gender=M, lang=[C, Javascript]), Dev(no=1, name=홍길동, career=10, email=abcd@naver.com, gender=M, lang=[Java, C, Python])]}]
DEBUG:[2021-06-29 20:17:25,173] LoggerInterceptor.java:45 - ------------------- view -------------------
DEBUG:[2021-06-29 20:17:25,173] LoggerInterceptor.java:47 - ____________________end_____________________
DEBUG:[2021-06-29 20:17:25,221] LoggerInterceptor.java:20 - =================== start ===================
DEBUG:[2021-06-29 20:17:25,222] LoggerInterceptor.java:21 - /spring/resources/css/style.css
DEBUG:[2021-06-29 20:17:25,222] LoggerInterceptor.java:22 - ---------------------------------------------
DEBUG:[2021-06-29 20:17:25,224] LoggerInterceptor.java:34 - ---------------------------------------------
DEBUG:[2021-06-29 20:17:25,225] LoggerInterceptor.java:35 - modelAndView = null
DEBUG:[2021-06-29 20:17:25,225] LoggerInterceptor.java:45 - ------------------- view -------------------
DEBUG:[2021-06-29 20:17:25,225] LoggerInterceptor.java:47 - ____________________end_____________________
DEBUG:[2021-06-29 20:17:25,256] LoggerInterceptor.java:20 - =================== start ===================
DEBUG:[2021-06-29 20:17:25,256] LoggerInterceptor.java:21 - /spring/resources/images/logo-spring.png
DEBUG:[2021-06-29 20:17:25,257] LoggerInterceptor.java:22 - ---------------------------------------------
DEBUG:[2021-06-29 20:17:25,259] LoggerInterceptor.java:34 - ---------------------------------------------
DEBUG:[2021-06-29 20:17:25,259] LoggerInterceptor.java:35 - modelAndView = null
DEBUG:[2021-06-29 20:17:25,259] LoggerInterceptor.java:45 - ------------------- view -------------------
DEBUG:[2021-06-29 20:17:25,260] LoggerInterceptor.java:47 - ____________________end_____________________
DEBUG:[2021-06-29 20:18:25,987] LoggerInterceptor.java:20 - =================== start ===================
DEBUG:[2021-06-29 20:18:25,987] LoggerInterceptor.java:21 - /spring/resources/images/logo-spring.png
DEBUG:[2021-06-29 20:18:25,987] LoggerInterceptor.java:22 - ---------------------------------------------
DEBUG:[2021-06-29 20:18:25,990] LoggerInterceptor.java:34 - ---------------------------------------------
DEBUG:[2021-06-29 20:18:25,990] LoggerInterceptor.java:35 - modelAndView = null
DEBUG:[2021-06-29 20:18:25,990] LoggerInterceptor.java:45 - ------------------- view -------------------
DEBUG:[2021-06-29 20:18:25,990] LoggerInterceptor.java:47 - ____________________end_____________________
DEBUG:[2021-06-29 20:20:53,158] LoggerInterceptor.java:20 - =================== start ===================
DEBUG:[2021-06-29 20:20:53,159] LoggerInterceptor.java:21 - /spring/demo/devList.do
DEBUG:[2021-06-29 20:20:53,159] LoggerInterceptor.java:22 - ---------------------------------------------
INFO :[2021-06-29 20:20:53,162] DemoController.java:223 - list = [Dev(no=7, name=신사임당딸, career=3, email=abcd@naver.com, gender=F, lang=[Javascript, Python]), Dev(no=6, name=유관순, career=20, email=abcd@naver.com, gender=F, lang=[C, Javascript, Python]), Dev(no=4, name=이순신, career=10, email=abcd@naver.com, gender=M, lang=[C, Javascript]), Dev(no=1, name=홍길동, career=10, email=abcd@naver.com, gender=M, lang=[Java, C, Python])]
DEBUG:[2021-06-29 20:20:53,163] LoggerInterceptor.java:34 - ---------------------------------------------
DEBUG:[2021-06-29 20:20:53,163] LoggerInterceptor.java:35 - modelAndView = ModelAndView [view="demo/devList"; model={list=[Dev(no=7, name=신사임당딸, career=3, email=abcd@naver.com, gender=F, lang=[Javascript, Python]), Dev(no=6, name=유관순, career=20, email=abcd@naver.com, gender=F, lang=[C, Javascript, Python]), Dev(no=4, name=이순신, career=10, email=abcd@naver.com, gender=M, lang=[C, Javascript]), Dev(no=1, name=홍길동, career=10, email=abcd@naver.com, gender=M, lang=[Java, C, Python])]}]
DEBUG:[2021-06-29 20:20:53,329] LoggerInterceptor.java:45 - ------------------- view -------------------
DEBUG:[2021-06-29 20:20:53,329] LoggerInterceptor.java:47 - ____________________end_____________________
DEBUG:[2021-06-29 20:20:53,366] LoggerInterceptor.java:20 - =================== start ===================
DEBUG:[2021-06-29 20:20:53,366] LoggerInterceptor.java:21 - /spring/resources/css/style.css
DEBUG:[2021-06-29 20:20:53,366] LoggerInterceptor.java:22 - ---------------------------------------------
DEBUG:[2021-06-29 20:20:53,368] LoggerInterceptor.java:34 - ---------------------------------------------
DEBUG:[2021-06-29 20:20:53,369] LoggerInterceptor.java:35 - modelAndView = null
DEBUG:[2021-06-29 20:20:53,369] LoggerInterceptor.java:45 - ------------------- view -------------------
DEBUG:[2021-06-29 20:20:53,369] LoggerInterceptor.java:47 - ____________________end_____________________
DEBUG:[2021-06-29 20:20:53,406] LoggerInterceptor.java:20 - =================== start ===================
DEBUG:[2021-06-29 20:20:53,407] LoggerInterceptor.java:21 - /spring/resources/images/logo-spring.png
DEBUG:[2021-06-29 20:20:53,407] LoggerInterceptor.java:22 - ---------------------------------------------
DEBUG:[2021-06-29 20:20:53,409] LoggerInterceptor.java:34 - ---------------------------------------------
DEBUG:[2021-06-29 20:20:53,410] LoggerInterceptor.java:35 - modelAndView = null
DEBUG:[2021-06-29 20:20:53,410] LoggerInterceptor.java:45 - ------------------- view -------------------
DEBUG:[2021-06-29 20:20:53,410] LoggerInterceptor.java:47 - ____________________end_____________________
DEBUG:[2021-06-29 20:25:57,951] LoggerInterceptor.java:20 - =================== start ===================
DEBUG:[2021-06-29 20:25:57,951] LoggerInterceptor.java:21 - /spring/demo/devList.do
DEBUG:[2021-06-29 20:25:57,951] LoggerInterceptor.java:22 - ---------------------------------------------
INFO :[2021-06-29 20:25:57,953] DemoController.java:223 - list = [Dev(no=7, name=신사임당딸, career=3, email=abcd@naver.com, gender=F, lang=[Javascript, Python]), Dev(no=6, name=유관순, career=20, email=abcd@naver.com, gender=F, lang=[C, Javascript, Python]), Dev(no=4, name=이순신, career=10, email=abcd@naver.com, gender=M, lang=[C, Javascript]), Dev(no=1, name=홍길동, career=10, email=abcd@naver.com, gender=M, lang=[Java, C, Python])]
DEBUG:[2021-06-29 20:25:57,954] LoggerInterceptor.java:34 - ---------------------------------------------
DEBUG:[2021-06-29 20:25:57,954] LoggerInterceptor.java:35 - modelAndView = ModelAndView [view="demo/devList"; model={list=[Dev(no=7, name=신사임당딸, career=3, email=abcd@naver.com, gender=F, lang=[Javascript, Python]), Dev(no=6, name=유관순, career=20, email=abcd@naver.com, gender=F, lang=[C, Javascript, Python]), Dev(no=4, name=이순신, career=10, email=abcd@naver.com, gender=M, lang=[C, Javascript]), Dev(no=1, name=홍길동, career=10, email=abcd@naver.com, gender=M, lang=[Java, C, Python])]}]
DEBUG:[2021-06-29 20:25:58,128] LoggerInterceptor.java:45 - ------------------- view -------------------
DEBUG:[2021-06-29 20:25:58,128] LoggerInterceptor.java:47 - ____________________end_____________________
DEBUG:[2021-06-29 20:25:58,175] LoggerInterceptor.java:20 - =================== start ===================
DEBUG:[2021-06-29 20:25:58,175] LoggerInterceptor.java:21 - /spring/resources/css/style.css
DEBUG:[2021-06-29 20:25:58,175] LoggerInterceptor.java:22 - ---------------------------------------------
DEBUG:[2021-06-29 20:25:58,178] LoggerInterceptor.java:34 - ---------------------------------------------
DEBUG:[2021-06-29 20:25:58,178] LoggerInterceptor.java:35 - modelAndView = null
DEBUG:[2021-06-29 20:25:58,178] LoggerInterceptor.java:45 - ------------------- view -------------------
DEBUG:[2021-06-29 20:25:58,178] LoggerInterceptor.java:47 - ____________________end_____________________
DEBUG:[2021-06-29 20:25:58,207] LoggerInterceptor.java:20 - =================== start ===================
DEBUG:[2021-06-29 20:25:58,208] LoggerInterceptor.java:21 - /spring/resources/images/logo-spring.png
DEBUG:[2021-06-29 20:25:58,208] LoggerInterceptor.java:22 - ---------------------------------------------
DEBUG:[2021-06-29 20:25:58,210] LoggerInterceptor.java:34 - ---------------------------------------------
DEBUG:[2021-06-29 20:25:58,210] LoggerInterceptor.java:35 - modelAndView = null
DEBUG:[2021-06-29 20:25:58,210] LoggerInterceptor.java:45 - ------------------- view -------------------
DEBUG:[2021-06-29 20:25:58,211] LoggerInterceptor.java:47 - ____________________end_____________________
DEBUG:[2021-06-29 20:31:06,525] LoggerInterceptor.java:20 - =================== start ===================
DEBUG:[2021-06-29 20:31:06,525] LoggerInterceptor.java:21 - /spring/demo/devList.do
DEBUG:[2021-06-29 20:31:06,525] LoggerInterceptor.java:22 - ---------------------------------------------
INFO :[2021-06-29 20:31:06,528] DemoController.java:223 - list = [Dev(no=7, name=신사임당딸, career=3, email=abcd@naver.com, gender=F, lang=[Javascript, Python]), Dev(no=6, name=유관순, career=20, email=abcd@naver.com, gender=F, lang=[C, Javascript, Python]), Dev(no=4, name=이순신, career=10, email=abcd@naver.com, gender=M, lang=[C, Javascript]), Dev(no=1, name=홍길동, career=10, email=abcd@naver.com, gender=M, lang=[Java, C, Python])]
DEBUG:[2021-06-29 20:31:06,528] LoggerInterceptor.java:34 - ---------------------------------------------
DEBUG:[2021-06-29 20:31:06,528] LoggerInterceptor.java:35 - modelAndView = ModelAndView [view="demo/devList"; model={list=[Dev(no=7, name=신사임당딸, career=3, email=abcd@naver.com, gender=F, lang=[Javascript, Python]), Dev(no=6, name=유관순, career=20, email=abcd@naver.com, gender=F, lang=[C, Javascript, Python]), Dev(no=4, name=이순신, career=10, email=abcd@naver.com, gender=M, lang=[C, Javascript]), Dev(no=1, name=홍길동, career=10, email=abcd@naver.com, gender=M, lang=[Java, C, Python])]}]
DEBUG:[2021-06-29 20:31:06,710] LoggerInterceptor.java:45 - ------------------- view -------------------
DEBUG:[2021-06-29 20:31:06,710] LoggerInterceptor.java:47 - ____________________end_____________________
DEBUG:[2021-06-29 20:31:06,773] LoggerInterceptor.java:20 - =================== start ===================
DEBUG:[2021-06-29 20:31:06,774] LoggerInterceptor.java:21 - /spring/resources/css/style.css
DEBUG:[2021-06-29 20:31:06,774] LoggerInterceptor.java:22 - ---------------------------------------------
DEBUG:[2021-06-29 20:31:06,776] LoggerInterceptor.java:34 - ---------------------------------------------
DEBUG:[2021-06-29 20:31:06,776] LoggerInterceptor.java:35 - modelAndView = null
DEBUG:[2021-06-29 20:31:06,776] LoggerInterceptor.java:45 - ------------------- view -------------------
DEBUG:[2021-06-29 20:31:06,776] LoggerInterceptor.java:47 - ____________________end_____________________
DEBUG:[2021-06-29 20:31:06,824] LoggerInterceptor.java:20 - =================== start ===================
DEBUG:[2021-06-29 20:31:06,824] LoggerInterceptor.java:21 - /spring/resources/images/logo-spring.png
DEBUG:[2021-06-29 20:31:06,824] LoggerInterceptor.java:22 - ---------------------------------------------
DEBUG:[2021-06-29 20:31:06,827] LoggerInterceptor.java:34 - ---------------------------------------------
DEBUG:[2021-06-29 20:31:06,827] LoggerInterceptor.java:35 - modelAndView = null
DEBUG:[2021-06-29 20:31:06,827] LoggerInterceptor.java:45 - ------------------- view -------------------
DEBUG:[2021-06-29 20:31:06,828] LoggerInterceptor.java:47 - ____________________end_____________________
DEBUG:[2021-06-29 20:33:50,073] LoggerInterceptor.java:20 - =================== start ===================
DEBUG:[2021-06-29 20:33:50,073] LoggerInterceptor.java:21 - /spring/demo/devList.do
DEBUG:[2021-06-29 20:33:50,073] LoggerInterceptor.java:22 - ---------------------------------------------
INFO :[2021-06-29 20:33:50,076] DemoController.java:223 - list = [Dev(no=7, name=신사임당딸, career=3, email=abcd@naver.com, gender=F, lang=[Javascript, Python]), Dev(no=6, name=유관순, career=20, email=abcd@naver.com, gender=F, lang=[C, Javascript, Python]), Dev(no=4, name=이순신, career=10, email=abcd@naver.com, gender=M, lang=[C, Javascript]), Dev(no=1, name=홍길동, career=10, email=abcd@naver.com, gender=M, lang=[Java, C, Python])]
DEBUG:[2021-06-29 20:33:50,077] LoggerInterceptor.java:34 - ---------------------------------------------
DEBUG:[2021-06-29 20:33:50,077] LoggerInterceptor.java:35 - modelAndView = ModelAndView [view="demo/devList"; model={list=[Dev(no=7, name=신사임당딸, career=3, email=abcd@naver.com, gender=F, lang=[Javascript, Python]), Dev(no=6, name=유관순, career=20, email=abcd@naver.com, gender=F, lang=[C, Javascript, Python]), Dev(no=4, name=이순신, career=10, email=abcd@naver.com, gender=M, lang=[C, Javascript]), Dev(no=1, name=홍길동, career=10, email=abcd@naver.com, gender=M, lang=[Java, C, Python])]}]
DEBUG:[2021-06-29 20:33:50,239] LoggerInterceptor.java:45 - ------------------- view -------------------
DEBUG:[2021-06-29 20:33:50,239] LoggerInterceptor.java:47 - ____________________end_____________________
DEBUG:[2021-06-29 20:33:50,301] LoggerInterceptor.java:20 - =================== start ===================
DEBUG:[2021-06-29 20:33:50,302] LoggerInterceptor.java:21 - /spring/resources/css/style.css
DEBUG:[2021-06-29 20:33:50,302] LoggerInterceptor.java:22 - ---------------------------------------------
DEBUG:[2021-06-29 20:33:50,306] LoggerInterceptor.java:34 - ---------------------------------------------
DEBUG:[2021-06-29 20:33:50,306] LoggerInterceptor.java:35 - modelAndView = null
DEBUG:[2021-06-29 20:33:50,306] LoggerInterceptor.java:45 - ------------------- view -------------------
DEBUG:[2021-06-29 20:33:50,306] LoggerInterceptor.java:47 - ____________________end_____________________
DEBUG:[2021-06-29 20:33:50,344] LoggerInterceptor.java:20 - =================== start ===================
DEBUG:[2021-06-29 20:33:50,345] LoggerInterceptor.java:21 - /spring/resources/images/logo-spring.png
DEBUG:[2021-06-29 20:33:50,345] LoggerInterceptor.java:22 - ---------------------------------------------
DEBUG:[2021-06-29 20:33:50,347] LoggerInterceptor.java:34 - ---------------------------------------------
DEBUG:[2021-06-29 20:33:50,348] LoggerInterceptor.java:35 - modelAndView = null
DEBUG:[2021-06-29 20:33:50,348] LoggerInterceptor.java:45 - ------------------- view -------------------
DEBUG:[2021-06-29 20:33:50,348] LoggerInterceptor.java:47 - ____________________end_____________________
WARN :[2021-06-29 20:33:57,513] AbstractHandlerExceptionResolver.java:197 - Resolved [org.springframework.web.HttpRequestMethodNotSupportedException: Request method 'POST' not supported]
WARN :[2021-06-29 20:34:12,166] AbstractHandlerExceptionResolver.java:197 - Resolved [org.springframework.web.HttpRequestMethodNotSupportedException: Request method 'POST' not supported]
INFO :[2021-06-29 20:34:15,390] CompositeLog.java:132 - Stopping...
INFO :[2021-06-29 20:34:15,391] CompositeLog.java:132 - BrokerAvailabilityEvent[available=false, SimpleBrokerMessageHandler [DefaultSubscriptionRegistry[cache[0 destination(s)], registry[0 sessions]]]]
INFO :[2021-06-29 20:34:15,391] CompositeLog.java:132 - Stopped.
INFO :[2021-06-29 20:34:18,001] ContextLoader.java:270 - Root WebApplicationContext: initialization started
INFO :[2021-06-29 20:34:20,772] ContextLoader.java:306 - Root WebApplicationContext initialized in 2768 ms
INFO :[2021-06-29 20:34:20,864] FrameworkServlet.java:524 - Initializing Servlet 'appServlet'
INFO :[2021-06-29 20:34:23,972] CompositeLog.java:132 - Starting...
INFO :[2021-06-29 20:34:23,973] CompositeLog.java:132 - BrokerAvailabilityEvent[available=true, SimpleBrokerMessageHandler [DefaultSubscriptionRegistry[cache[0 destination(s)], registry[0 sessions]]]]
INFO :[2021-06-29 20:34:23,975] CompositeLog.java:132 - Started.
INFO :[2021-06-29 20:34:23,993] FrameworkServlet.java:546 - Completed initialization in 3129 ms
INFO :[2021-06-29 20:35:15,009] CompositeLog.java:132 - Stopping...
INFO :[2021-06-29 20:35:15,009] CompositeLog.java:132 - BrokerAvailabilityEvent[available=false, SimpleBrokerMessageHandler [DefaultSubscriptionRegistry[cache[0 destination(s)], registry[0 sessions]]]]
INFO :[2021-06-29 20:35:15,009] CompositeLog.java:132 - Stopped.
INFO :[2021-06-29 20:46:23,195] ContextLoader.java:270 - Root WebApplicationContext: initialization started
INFO :[2021-06-29 20:46:25,860] ContextLoader.java:306 - Root WebApplicationContext initialized in 2662 ms
INFO :[2021-06-29 20:46:25,942] FrameworkServlet.java:524 - Initializing Servlet 'appServlet'
INFO :[2021-06-29 20:46:28,992] CompositeLog.java:132 - Starting...
INFO :[2021-06-29 20:46:28,993] CompositeLog.java:132 - BrokerAvailabilityEvent[available=true, SimpleBrokerMessageHandler [DefaultSubscriptionRegistry[cache[0 destination(s)], registry[0 sessions]]]]
INFO :[2021-06-29 20:46:28,995] CompositeLog.java:132 - Started.
INFO :[2021-06-29 20:46:29,012] FrameworkServlet.java:546 - Completed initialization in 3070 ms
DEBUG:[2021-06-29 20:46:41,962] LoggerInterceptor.java:20 - =================== start ===================
DEBUG:[2021-06-29 20:46:41,962] LoggerInterceptor.java:21 - /spring/
DEBUG:[2021-06-29 20:46:41,962] LoggerInterceptor.java:22 - ---------------------------------------------
INFO :[2021-06-29 20:46:41,977] HomeController.java:30 - index 페이지 요청
DEBUG:[2021-06-29 20:46:41,987] LoggerInterceptor.java:34 - ---------------------------------------------
DEBUG:[2021-06-29 20:46:41,990] LoggerInterceptor.java:35 - modelAndView = ModelAndView [view="forward:/index.jsp"; model={}]
DEBUG:[2021-06-29 20:46:42,100] LoggerInterceptor.java:45 - ------------------- view -------------------
DEBUG:[2021-06-29 20:46:42,100] LoggerInterceptor.java:47 - ____________________end_____________________
DEBUG:[2021-06-29 20:46:44,257] LoggerInterceptor.java:20 - =================== start ===================
DEBUG:[2021-06-29 20:46:44,257] LoggerInterceptor.java:21 - /spring/
DEBUG:[2021-06-29 20:46:44,257] LoggerInterceptor.java:22 - ---------------------------------------------
INFO :[2021-06-29 20:46:44,258] HomeController.java:30 - index 페이지 요청
DEBUG:[2021-06-29 20:46:44,258] LoggerInterceptor.java:34 - ---------------------------------------------
DEBUG:[2021-06-29 20:46:44,258] LoggerInterceptor.java:35 - modelAndView = ModelAndView [view="forward:/index.jsp"; model={}]
DEBUG:[2021-06-29 20:46:44,262] LoggerInterceptor.java:45 - ------------------- view -------------------
DEBUG:[2021-06-29 20:46:44,262] LoggerInterceptor.java:47 - ____________________end_____________________
DEBUG:[2021-06-29 20:46:44,307] LoggerInterceptor.java:20 - =================== start ===================
DEBUG:[2021-06-29 20:46:44,307] LoggerInterceptor.java:21 - /spring/resources/css/style.css
DEBUG:[2021-06-29 20:46:44,307] LoggerInterceptor.java:22 - ---------------------------------------------
DEBUG:[2021-06-29 20:46:44,326] LoggerInterceptor.java:34 - ---------------------------------------------
DEBUG:[2021-06-29 20:46:44,326] LoggerInterceptor.java:35 - modelAndView = null
DEBUG:[2021-06-29 20:46:44,326] LoggerInterceptor.java:45 - ------------------- view -------------------
DEBUG:[2021-06-29 20:46:44,326] LoggerInterceptor.java:47 - ____________________end_____________________
DEBUG:[2021-06-29 20:46:44,335] LoggerInterceptor.java:20 - =================== start ===================
DEBUG:[2021-06-29 20:46:44,335] LoggerInterceptor.java:21 - /spring/resources/images/logo-spring.png
DEBUG:[2021-06-29 20:46:44,335] LoggerInterceptor.java:22 - ---------------------------------------------
DEBUG:[2021-06-29 20:46:44,338] LoggerInterceptor.java:34 - ---------------------------------------------
DEBUG:[2021-06-29 20:46:44,338] LoggerInterceptor.java:35 - modelAndView = null
DEBUG:[2021-06-29 20:46:44,338] LoggerInterceptor.java:45 - ------------------- view -------------------
DEBUG:[2021-06-29 20:46:44,338] LoggerInterceptor.java:47 - ____________________end_____________________
DEBUG:[2021-06-29 20:46:46,657] LoggerInterceptor.java:20 - =================== start ===================
DEBUG:[2021-06-29 20:46:46,657] LoggerInterceptor.java:21 - /spring/demo/devList.do
DEBUG:[2021-06-29 20:46:46,658] LoggerInterceptor.java:22 - ---------------------------------------------
INFO :[2021-06-29 20:46:47,173] DemoController.java:223 - list = [Dev(no=7, name=신사임당딸, career=3, email=abcd@naver.com, gender=F, lang=[Javascript, Python]), Dev(no=6, name=유관순, career=20, email=abcd@naver.com, gender=F, lang=[C, Javascript, Python]), Dev(no=4, name=이순신, career=10, email=abcd@naver.com, gender=M, lang=[C, Javascript]), Dev(no=1, name=홍길동, career=10, email=abcd@naver.com, gender=M, lang=[Java, C, Python])]
DEBUG:[2021-06-29 20:46:47,174] LoggerInterceptor.java:34 - ---------------------------------------------
DEBUG:[2021-06-29 20:46:47,175] LoggerInterceptor.java:35 - modelAndView = ModelAndView [view="demo/devList"; model={list=[Dev(no=7, name=신사임당딸, career=3, email=abcd@naver.com, gender=F, lang=[Javascript, Python]), Dev(no=6, name=유관순, career=20, email=abcd@naver.com, gender=F, lang=[C, Javascript, Python]), Dev(no=4, name=이순신, career=10, email=abcd@naver.com, gender=M, lang=[C, Javascript]), Dev(no=1, name=홍길동, career=10, email=abcd@naver.com, gender=M, lang=[Java, C, Python])]}]
DEBUG:[2021-06-29 20:46:48,170] LoggerInterceptor.java:45 - ------------------- view -------------------
DEBUG:[2021-06-29 20:46:48,171] LoggerInterceptor.java:47 - ____________________end_____________________
INFO :[2021-06-29 20:47:28,829] WebSocketMessageBrokerStats.java:124 - WebSocketSession[0 current WS(0)-HttpStream(0)-HttpPoll(0), 0 total, 0 closed abnormally (0 connect failure, 0 send limit, 0 transport error)], stompSubProtocol[processed CONNECT(0)-CONNECTED(0)-DISCONNECT(0)], stompBrokerRelay[null], inboundChannel[pool size = 0, active threads = 0, queued tasks = 0, completed tasks = 0], outboundChannel[pool size = 0, active threads = 0, queued tasks = 0, completed tasks = 0], sockJsScheduler[pool size = 1, active threads = 1, queued tasks = 0, completed tasks = 0]
DEBUG:[2021-06-29 20:51:12,389] LoggerInterceptor.java:20 - =================== start ===================
DEBUG:[2021-06-29 20:51:12,389] LoggerInterceptor.java:21 - /spring/demo/devList.do
DEBUG:[2021-06-29 20:51:12,389] LoggerInterceptor.java:22 - ---------------------------------------------
INFO :[2021-06-29 20:51:12,393] DemoController.java:223 - list = [Dev(no=7, name=신사임당딸, career=3, email=abcd@naver.com, gender=F, lang=[Javascript, Python]), Dev(no=6, name=유관순, career=20, email=abcd@naver.com, gender=F, lang=[C, Javascript, Python]), Dev(no=4, name=이순신, career=10, email=abcd@naver.com, gender=M, lang=[C, Javascript]), Dev(no=1, name=홍길동, career=10, email=abcd@naver.com, gender=M, lang=[Java, C, Python])]
DEBUG:[2021-06-29 20:51:12,393] LoggerInterceptor.java:34 - ---------------------------------------------
DEBUG:[2021-06-29 20:51:12,394] LoggerInterceptor.java:35 - modelAndView = ModelAndView [view="demo/devList"; model={list=[Dev(no=7, name=신사임당딸, career=3, email=abcd@naver.com, gender=F, lang=[Javascript, Python]), Dev(no=6, name=유관순, career=20, email=abcd@naver.com, gender=F, lang=[C, Javascript, Python]), Dev(no=4, name=이순신, career=10, email=abcd@naver.com, gender=M, lang=[C, Javascript]), Dev(no=1, name=홍길동, career=10, email=abcd@naver.com, gender=M, lang=[Java, C, Python])]}]
DEBUG:[2021-06-29 20:51:12,663] LoggerInterceptor.java:45 - ------------------- view -------------------
DEBUG:[2021-06-29 20:51:12,663] LoggerInterceptor.java:47 - ____________________end_____________________
DEBUG:[2021-06-29 20:51:12,704] LoggerInterceptor.java:20 - =================== start ===================
DEBUG:[2021-06-29 20:51:12,705] LoggerInterceptor.java:21 - /spring/resources/css/style.css
DEBUG:[2021-06-29 20:51:12,705] LoggerInterceptor.java:22 - ---------------------------------------------
DEBUG:[2021-06-29 20:51:12,708] LoggerInterceptor.java:34 - ---------------------------------------------
DEBUG:[2021-06-29 20:51:12,708] LoggerInterceptor.java:35 - modelAndView = null
DEBUG:[2021-06-29 20:51:12,709] LoggerInterceptor.java:45 - ------------------- view -------------------
DEBUG:[2021-06-29 20:51:12,709] LoggerInterceptor.java:47 - ____________________end_____________________
DEBUG:[2021-06-29 20:51:12,750] LoggerInterceptor.java:20 - =================== start ===================
DEBUG:[2021-06-29 20:51:12,751] LoggerInterceptor.java:21 - /spring/resources/images/logo-spring.png
DEBUG:[2021-06-29 20:51:12,751] LoggerInterceptor.java:22 - ---------------------------------------------
DEBUG:[2021-06-29 20:51:12,754] LoggerInterceptor.java:34 - ---------------------------------------------
DEBUG:[2021-06-29 20:51:12,754] LoggerInterceptor.java:35 - modelAndView = null
DEBUG:[2021-06-29 20:51:12,754] LoggerInterceptor.java:45 - ------------------- view -------------------
DEBUG:[2021-06-29 20:51:12,754] LoggerInterceptor.java:47 - ____________________end_____________________
DEBUG:[2021-06-29 20:56:36,749] LoggerInterceptor.java:20 - =================== start ===================
DEBUG:[2021-06-29 20:56:36,750] LoggerInterceptor.java:21 - /spring/demo/devList.do
DEBUG:[2021-06-29 20:56:36,750] LoggerInterceptor.java:22 - ---------------------------------------------
INFO :[2021-06-29 20:56:36,753] DemoController.java:223 - list = [Dev(no=7, name=신사임당딸, career=3, email=abcd@naver.com, gender=F, lang=[Javascript, Python]), Dev(no=6, name=유관순, career=20, email=abcd@naver.com, gender=F, lang=[C, Javascript, Python]), Dev(no=4, name=이순신, career=10, email=abcd@naver.com, gender=M, lang=[C, Javascript]), Dev(no=1, name=홍길동, career=10, email=abcd@naver.com, gender=M, lang=[Java, C, Python])]
DEBUG:[2021-06-29 20:56:36,753] LoggerInterceptor.java:34 - ---------------------------------------------
DEBUG:[2021-06-29 20:56:36,754] LoggerInterceptor.java:35 - modelAndView = ModelAndView [view="demo/devList"; model={list=[Dev(no=7, name=신사임당딸, career=3, email=abcd@naver.com, gender=F, lang=[Javascript, Python]), Dev(no=6, name=유관순, career=20, email=abcd@naver.com, gender=F, lang=[C, Javascript, Python]), Dev(no=4, name=이순신, career=10, email=abcd@naver.com, gender=M, lang=[C, Javascript]), Dev(no=1, name=홍길동, career=10, email=abcd@naver.com, gender=M, lang=[Java, C, Python])]}]
DEBUG:[2021-06-29 20:56:36,932] LoggerInterceptor.java:45 - ------------------- view -------------------
DEBUG:[2021-06-29 20:56:36,932] LoggerInterceptor.java:47 - ____________________end_____________________
DEBUG:[2021-06-29 20:56:36,974] LoggerInterceptor.java:20 - =================== start ===================
DEBUG:[2021-06-29 20:56:36,975] LoggerInterceptor.java:21 - /spring/resources/css/style.css
DEBUG:[2021-06-29 20:56:36,975] LoggerInterceptor.java:22 - ---------------------------------------------
DEBUG:[2021-06-29 20:56:36,977] LoggerInterceptor.java:34 - ---------------------------------------------
DEBUG:[2021-06-29 20:56:36,977] LoggerInterceptor.java:35 - modelAndView = null
DEBUG:[2021-06-29 20:56:36,978] LoggerInterceptor.java:45 - ------------------- view -------------------
DEBUG:[2021-06-29 20:56:36,978] LoggerInterceptor.java:47 - ____________________end_____________________
DEBUG:[2021-06-29 20:56:37,011] LoggerInterceptor.java:20 - =================== start ===================
DEBUG:[2021-06-29 20:56:37,012] LoggerInterceptor.java:21 - /spring/resources/images/logo-spring.png
DEBUG:[2021-06-29 20:56:37,012] LoggerInterceptor.java:22 - ---------------------------------------------
DEBUG:[2021-06-29 20:56:37,014] LoggerInterceptor.java:34 - ---------------------------------------------
DEBUG:[2021-06-29 20:56:37,014] LoggerInterceptor.java:35 - modelAndView = null
DEBUG:[2021-06-29 20:56:37,014] LoggerInterceptor.java:45 - ------------------- view -------------------
DEBUG:[2021-06-29 20:56:37,014] LoggerInterceptor.java:47 - ____________________end_____________________
DEBUG:[2021-06-29 20:57:52,594] LoggerInterceptor.java:20 - =================== start ===================
DEBUG:[2021-06-29 20:57:52,594] LoggerInterceptor.java:21 - /spring/demo/devList.do
DEBUG:[2021-06-29 20:57:52,594] LoggerInterceptor.java:22 - ---------------------------------------------
INFO :[2021-06-29 20:57:52,598] DemoController.java:223 - list = [Dev(no=7, name=신사임당딸, career=3, email=abcd@naver.com, gender=F, lang=[Javascript, Python]), Dev(no=6, name=유관순, career=20, email=abcd@naver.com, gender=F, lang=[C, Javascript, Python]), Dev(no=4, name=이순신, career=10, email=abcd@naver.com, gender=M, lang=[C, Javascript]), Dev(no=1, name=홍길동, career=10, email=abcd@naver.com, gender=M, lang=[Java, C, Python])]
DEBUG:[2021-06-29 20:57:52,599] LoggerInterceptor.java:34 - ---------------------------------------------
DEBUG:[2021-06-29 20:57:52,599] LoggerInterceptor.java:35 - modelAndView = ModelAndView [view="demo/devList"; model={list=[Dev(no=7, name=신사임당딸, career=3, email=abcd@naver.com, gender=F, lang=[Javascript, Python]), Dev(no=6, name=유관순, career=20, email=abcd@naver.com, gender=F, lang=[C, Javascript, Python]), Dev(no=4, name=이순신, career=10, email=abcd@naver.com, gender=M, lang=[C, Javascript]), Dev(no=1, name=홍길동, career=10, email=abcd@naver.com, gender=M, lang=[Java, C, Python])]}]
DEBUG:[2021-06-29 20:57:52,796] LoggerInterceptor.java:45 - ------------------- view -------------------
DEBUG:[2021-06-29 20:57:52,796] LoggerInterceptor.java:47 - ____________________end_____________________
DEBUG:[2021-06-29 20:57:52,838] LoggerInterceptor.java:20 - =================== start ===================
DEBUG:[2021-06-29 20:57:52,839] LoggerInterceptor.java:21 - /spring/resources/css/style.css
DEBUG:[2021-06-29 20:57:52,839] LoggerInterceptor.java:22 - ---------------------------------------------
DEBUG:[2021-06-29 20:57:52,842] LoggerInterceptor.java:34 - ---------------------------------------------
DEBUG:[2021-06-29 20:57:52,842] LoggerInterceptor.java:35 - modelAndView = null
DEBUG:[2021-06-29 20:57:52,842] LoggerInterceptor.java:45 - ------------------- view -------------------
DEBUG:[2021-06-29 20:57:52,843] LoggerInterceptor.java:47 - ____________________end_____________________
DEBUG:[2021-06-29 20:57:52,880] LoggerInterceptor.java:20 - =================== start ===================
DEBUG:[2021-06-29 20:57:52,880] LoggerInterceptor.java:21 - /spring/resources/images/logo-spring.png
DEBUG:[2021-06-29 20:57:52,880] LoggerInterceptor.java:22 - ---------------------------------------------
DEBUG:[2021-06-29 20:57:52,883] LoggerInterceptor.java:34 - ---------------------------------------------
DEBUG:[2021-06-29 20:57:52,883] LoggerInterceptor.java:35 - modelAndView = null
DEBUG:[2021-06-29 20:57:52,883] LoggerInterceptor.java:45 - ------------------- view -------------------
DEBUG:[2021-06-29 20:57:52,883] LoggerInterceptor.java:47 - ____________________end_____________________
INFO :[2021-06-29 21:17:28,837] WebSocketMessageBrokerStats.java:124 - WebSocketSession[0 current WS(0)-HttpStream(0)-HttpPoll(0), 0 total, 0 closed abnormally (0 connect failure, 0 send limit, 0 transport error)], stompSubProtocol[processed CONNECT(0)-CONNECTED(0)-DISCONNECT(0)], stompBrokerRelay[null], inboundChannel[pool size = 0, active threads = 0, queued tasks = 0, completed tasks = 0], outboundChannel[pool size = 0, active threads = 0, queued tasks = 0, completed tasks = 0], sockJsScheduler[pool size = 2, active threads = 1, queued tasks = 0, completed tasks = 1]
INFO :[2021-06-29 21:21:32,794] CompositeLog.java:132 - Stopping...
INFO :[2021-06-29 21:21:32,795] CompositeLog.java:132 - BrokerAvailabilityEvent[available=false, SimpleBrokerMessageHandler [DefaultSubscriptionRegistry[cache[0 destination(s)], registry[0 sessions]]]]
INFO :[2021-06-29 21:21:32,795] CompositeLog.java:132 - Stopped.
